  main.cpp
c:\users\aliae\desktop\gameprogramming3113\assignment5\nyucodebase\nyucodebase\main.cpp(151): warning C4305: '=': truncation from 'double' to 'float'
c:\users\aliae\desktop\gameprogramming3113\assignment5\nyucodebase\nyucodebase\main.cpp(154): warning C4244: '=': conversion from 'double' to 'float', possible loss of data
c:\users\aliae\desktop\gameprogramming3113\assignment5\nyucodebase\nyucodebase\main.cpp(159): warning C4305: 'initializing': truncation from 'double' to 'float'
c:\users\aliae\desktop\gameprogramming3113\assignment5\nyucodebase\nyucodebase\main.cpp(170): warning C4305: '=': truncation from 'double' to 'float'
c:\users\aliae\desktop\gameprogramming3113\assignment5\nyucodebase\nyucodebase\main.cpp(171): warning C4305: '=': truncation from 'double' to 'float'
c:\users\aliae\desktop\gameprogramming3113\assignment5\nyucodebase\nyucodebase\main.cpp(172): warning C4305: '=': truncation from 'double' to 'float'
c:\users\aliae\desktop\gameprogramming3113\assignment5\nyucodebase\nyucodebase\main.cpp(173): warning C4305: '=': truncation from 'double' to 'float'
c:\users\aliae\desktop\gameprogramming3113\assignment5\nyucodebase\nyucodebase\main.cpp(175): warning C4305: '=': truncation from 'double' to 'float'
c:\users\aliae\desktop\gameprogramming3113\assignment5\nyucodebase\nyucodebase\main.cpp(176): warning C4305: '=': truncation from 'double' to 'float'
c:\users\aliae\desktop\gameprogramming3113\assignment5\nyucodebase\nyucodebase\main.cpp(177): warning C4305: '=': truncation from 'double' to 'float'
c:\users\aliae\desktop\gameprogramming3113\assignment5\nyucodebase\nyucodebase\main.cpp(179): warning C4305: '=': truncation from 'double' to 'float'
c:\users\aliae\desktop\gameprogramming3113\assignment5\nyucodebase\nyucodebase\main.cpp(183): warning C4305: '=': truncation from 'double' to 'float'
c:\users\aliae\desktop\gameprogramming3113\assignment5\nyucodebase\nyucodebase\main.cpp(184): warning C4305: '=': truncation from 'double' to 'float'
c:\users\aliae\desktop\gameprogramming3113\assignment5\nyucodebase\nyucodebase\main.cpp(185): warning C4305: '=': truncation from 'double' to 'float'
c:\users\aliae\desktop\gameprogramming3113\assignment5\nyucodebase\nyucodebase\main.cpp(186): warning C4305: '=': truncation from 'double' to 'float'
c:\users\aliae\desktop\gameprogramming3113\assignment5\nyucodebase\nyucodebase\main.cpp(188): warning C4305: '=': truncation from 'double' to 'float'
c:\users\aliae\desktop\gameprogramming3113\assignment5\nyucodebase\nyucodebase\main.cpp(190): warning C4305: '=': truncation from 'double' to 'float'
c:\users\aliae\desktop\gameprogramming3113\assignment5\nyucodebase\nyucodebase\main.cpp(192): warning C4305: '=': truncation from 'double' to 'float'
c:\users\aliae\desktop\gameprogramming3113\assignment5\nyucodebase\nyucodebase\main.cpp(393): warning C4244: '-=': conversion from 'double' to 'float', possible loss of data
c:\users\aliae\desktop\gameprogramming3113\assignment5\nyucodebase\nyucodebase\main.cpp(401): warning C4305: '-=': truncation from 'double' to 'float'
c:\users\aliae\desktop\gameprogramming3113\assignment5\nyucodebase\nyucodebase\main.cpp(420): warning C4305: '-=': truncation from 'double' to 'float'
c:\users\aliae\desktop\gameprogramming3113\assignment5\nyucodebase\nyucodebase\main.cpp(426): warning C4305: '+=': truncation from 'double' to 'float'
c:\users\aliae\desktop\gameprogramming3113\assignment5\nyucodebase\nyucodebase\main.cpp(445): warning C4305: 'argument': truncation from 'double' to 'float'
c:\users\aliae\desktop\gameprogramming3113\assignment5\nyucodebase\nyucodebase\main.cpp(455): warning C4244: '=': conversion from 'double' to 'float', possible loss of data
c:\users\aliae\desktop\gameprogramming3113\assignment5\nyucodebase\nyucodebase\main.cpp(463): warning C4244: '+=': conversion from 'double' to 'float', possible loss of data
c:\users\aliae\desktop\gameprogramming3113\assignment5\nyucodebase\nyucodebase\main.cpp(464): warning C4244: '+=': conversion from 'double' to 'float', possible loss of data
c:\users\aliae\desktop\gameprogramming3113\assignment5\nyucodebase\nyucodebase\main.cpp(468): warning C4244: '-=': conversion from 'double' to 'float', possible loss of data
c:\users\aliae\desktop\gameprogramming3113\assignment5\nyucodebase\nyucodebase\main.cpp(469): warning C4244: '-=': conversion from 'double' to 'float', possible loss of data
c:\users\aliae\desktop\gameprogramming3113\assignment5\nyucodebase\nyucodebase\main.cpp(475): warning C4244: '+=': conversion from 'double' to 'float', possible loss of data
c:\users\aliae\desktop\gameprogramming3113\assignment5\nyucodebase\nyucodebase\main.cpp(476): warning C4244: '+=': conversion from 'double' to 'float', possible loss of data
c:\users\aliae\desktop\gameprogramming3113\assignment5\nyucodebase\nyucodebase\main.cpp(480): warning C4244: '-=': conversion from 'double' to 'float', possible loss of data
c:\users\aliae\desktop\gameprogramming3113\assignment5\nyucodebase\nyucodebase\main.cpp(481): warning C4244: '-=': conversion from 'double' to 'float', possible loss of data
c:\users\aliae\desktop\gameprogramming3113\assignment5\nyucodebase\nyucodebase\main.cpp(491): warning C4244: '-=': conversion from 'double' to 'float', possible loss of data
c:\users\aliae\desktop\gameprogramming3113\assignment5\nyucodebase\nyucodebase\main.cpp(502): warning C4305: 'argument': truncation from 'double' to 'float'
c:\users\aliae\desktop\gameprogramming3113\assignment5\nyucodebase\nyucodebase\main.cpp(515): warning C4305: 'argument': truncation from 'double' to 'float'
c:\users\aliae\desktop\gameprogramming3113\assignment5\nyucodebase\nyucodebase\main.cpp(532): warning C4305: '=': truncation from 'double' to 'float'
c:\users\aliae\desktop\gameprogramming3113\assignment5\nyucodebase\nyucodebase\main.cpp(541): warning C4244: '=': conversion from 'double' to 'float', possible loss of data
c:\users\aliae\desktop\gameprogramming3113\assignment5\nyucodebase\nyucodebase\main.cpp(564): warning C4305: '=': truncation from 'double' to 'float'
c:\users\aliae\desktop\gameprogramming3113\assignment5\nyucodebase\nyucodebase\main.cpp(573): warning C4244: '=': conversion from 'double' to 'float', possible loss of data
c:\users\aliae\desktop\gameprogramming3113\assignment5\nyucodebase\nyucodebase\main.cpp(595): warning C4305: 'argument': truncation from 'double' to 'float'
c:\users\aliae\desktop\gameprogramming3113\assignment5\nyucodebase\nyucodebase\main.cpp(705): warning C4305: '=': truncation from 'double' to 'float'
c:\users\aliae\desktop\gameprogramming3113\assignment5\nyucodebase\nyucodebase\main.cpp(714): warning C4244: '=': conversion from 'double' to 'float', possible loss of data
c:\users\aliae\desktop\gameprogramming3113\assignment5\nyucodebase\nyucodebase\main.cpp(767): warning C4305: '=': truncation from 'double' to 'float'
c:\users\aliae\desktop\gameprogramming3113\assignment5\nyucodebase\nyucodebase\main.cpp(776): warning C4244: '=': conversion from 'double' to 'float', possible loss of data
c:\users\aliae\desktop\gameprogramming3113\assignment5\nyucodebase\nyucodebase\main.cpp(837): warning C4305: '=': truncation from 'double' to 'float'
c:\users\aliae\desktop\gameprogramming3113\assignment5\nyucodebase\nyucodebase\main.cpp(846): warning C4244: '=': conversion from 'double' to 'float', possible loss of data
c:\users\aliae\desktop\gameprogramming3113\assignment5\nyucodebase\nyucodebase\main.cpp(879): warning C4305: '=': truncation from 'double' to 'float'
c:\users\aliae\desktop\gameprogramming3113\assignment5\nyucodebase\nyucodebase\main.cpp(888): warning C4244: '=': conversion from 'double' to 'float', possible loss of data
c:\users\aliae\desktop\gameprogramming3113\assignment5\nyucodebase\nyucodebase\main.cpp(89): warning C4101: 'maxrow': unreferenced local variable
c:\users\aliae\desktop\gameprogramming3113\assignment5\nyucodebase\nyucodebase\main.cpp(941): warning C4244: 'initializing': conversion from 'double' to 'float', possible loss of data
c:\users\aliae\desktop\gameprogramming3113\assignment5\nyucodebase\nyucodebase\main.cpp(942): warning C4244: 'initializing': conversion from 'double' to 'float', possible loss of data
c:\users\aliae\desktop\gameprogramming3113\assignment5\nyucodebase\nyucodebase\main.cpp(1027): warning C4018: '<': signed/unsigned mismatch
  NYUCodebase.vcxproj -> C:\Users\aliae\Desktop\gameprogramming3113\Assignment5\NYUCodebase\Debug\NYUCodebase.exe
